{"C:\\Users\\The boss\\Downloads\\Claude Code\\belarro-v4\\frontend\\src\\app\\layout.tsx": {"path":"C:\\Users\\The boss\\Downloads\\Claude Code\\belarro-v4\\frontend\\src\\app\\layout.tsx","statementMap":{"0":{"start":{"line":9,"column":24},"end":{"line":9,"column":35}},"1":{"start":{"line":4,"column":13},"end":{"line":4,"column":34}},"2":{"start":{"line":2,"column":7},"end":{"line":2,"column":null}},"3":{"start":{"line":4,"column":34},"end":{"line":7,"column":null}}},"fnMap":{"0":{"name":"RootLayout","decl":{"start":{"line":9,"column":24},"end":{"line":9,"column":35}},"loc":{"start":{"line":13,"column":1},"end":{"line":19,"column":null}}}},"branchMap":{},"s":{"0":0,"1":0,"2":0,"3":0},"f":{"0":0},"b":{}}
,"C:\\Users\\The boss\\Downloads\\Claude Code\\belarro-v4\\frontend\\src\\app\\page.tsx": {"path":"C:\\Users\\The boss\\Downloads\\Claude Code\\belarro-v4\\frontend\\src\\app\\page.tsx","statementMap":{"0":{"start":{"line":3,"column":24},"end":{"line":3,"column":null}},"1":{"start":{"line":1,"column":25},"end":{"line":1,"column":null}},"2":{"start":{"line":4,"column":2},"end":{"line":4,"column":null}}},"fnMap":{"0":{"name":"Page","decl":{"start":{"line":3,"column":24},"end":{"line":3,"column":null}},"loc":{"start":{"line":3,"column":24},"end":{"line":5,"column":null}}}},"branchMap":{},"s":{"0":0,"1":0,"2":0},"f":{"0":0},"b":{}}
,"C:\\Users\\The boss\\Downloads\\Claude Code\\belarro-v4\\frontend\\src\\app\\admin\\crops\\page.tsx": {"path":"C:\\Users\\The boss\\Downloads\\Claude Code\\belarro-v4\\frontend\\src\\app\\admin\\crops\\page.tsx","statementMap":{"0":{"start":{"line":49,"column":24},"end":{"line":49,"column":null}},"1":{"start":{"line":3,"column":36},"end":{"line":3,"column":null}},"2":{"start":{"line":47,"column":27},"end":{"line":47,"column":null}},"3":{"start":{"line":50,"column":28},"end":{"line":50,"column":null}},"4":{"start":{"line":51,"column":32},"end":{"line":51,"column":null}},"5":{"start":{"line":52,"column":30},"end":{"line":52,"column":null}},"6":{"start":{"line":53,"column":40},"end":{"line":53,"column":null}},"7":{"start":{"line":54,"column":36},"end":{"line":54,"column":null}},"8":{"start":{"line":55,"column":46},"end":{"line":55,"column":null}},"9":{"start":{"line":56,"column":36},"end":{"line":56,"column":null}},"10":{"start":{"line":57,"column":36},"end":{"line":57,"column":null}},"11":{"start":{"line":58,"column":52},"end":{"line":58,"column":null}},"12":{"start":{"line":59,"column":42},"end":{"line":59,"column":null}},"13":{"start":{"line":62,"column":34},"end":{"line":68,"column":null}},"14":{"start":{"line":70,"column":36},"end":{"line":79,"column":null}},"15":{"start":{"line":81,"column":34},"end":{"line":81,"column":null}},"16":{"start":{"line":82,"column":38},"end":{"line":82,"column":null}},"17":{"start":{"line":85,"column":21},"end":{"line":101,"column":null}},"18":{"start":{"line":86,"column":4},"end":{"line":100,"column":null}},"19":{"start":{"line":87,"column":6},"end":{"line":87,"column":null}},"20":{"start":{"line":88,"column":18},"end":{"line":88,"column":null}},"21":{"start":{"line":89,"column":19},"end":{"line":89,"column":null}},"22":{"start":{"line":90,"column":6},"end":{"line":94,"column":null}},"23":{"start":{"line":91,"column":8},"end":{"line":91,"column":null}},"24":{"start":{"line":93,"column":8},"end":{"line":93,"column":null}},"25":{"start":{"line":96,"column":6},"end":{"line":96,"column":null}},"26":{"start":{"line":97,"column":6},"end":{"line":97,"column":null}},"27":{"start":{"line":99,"column":6},"end":{"line":99,"column":null}},"28":{"start":{"line":103,"column":2},"end":{"line":105,"column":null}},"29":{"start":{"line":104,"column":4},"end":{"line":104,"column":null}},"30":{"start":{"line":108,"column":2},"end":{"line":112,"column":null}},"31":{"start":{"line":109,"column":4},"end":{"line":111,"column":null}},"32":{"start":{"line":110,"column":6},"end":{"line":110,"column":null}},"33":{"start":{"line":114,"column":23},"end":{"line":143,"column":null}},"34":{"start":{"line":115,"column":4},"end":{"line":142,"column":null}},"35":{"start":{"line":116,"column":18},"end":{"line":116,"column":null}},"36":{"start":{"line":117,"column":19},"end":{"line":117,"column":null}},"37":{"start":{"line":118,"column":6},"end":{"line":138,"column":null}},"38":{"start":{"line":119,"column":21},"end":{"line":119,"column":30}},"39":{"start":{"line":120,"column":8},"end":{"line":126,"column":null}},"40":{"start":{"line":127,"column":8},"end":{"line":136,"column":null}},"41":{"start":{"line":137,"column":8},"end":{"line":137,"column":null}},"42":{"start":{"line":140,"column":6},"end":{"line":140,"column":null}},"43":{"start":{"line":141,"column":6},"end":{"line":141,"column":null}},"44":{"start":{"line":145,"column":23},"end":{"line":145,"column":null}},"45":{"start":{"line":145,"column":39},"end":{"line":145,"column":null}},"46":{"start":{"line":146,"column":24},"end":{"line":149,"column":null}},"47":{"start":{"line":147,"column":4},"end":{"line":149,"column":17}},"48":{"start":{"line":152,"column":20},"end":{"line":155,"column":null}},"49":{"start":{"line":153,"column":4},"end":{"line":153,"column":null}},"50":{"start":{"line":154,"column":4},"end":{"line":154,"column":null}},"51":{"start":{"line":154,"column":21},"end":{"line":154,"column":44}},"52":{"start":{"line":157,"column":21},"end":{"line":217,"column":null}},"53":{"start":{"line":158,"column":4},"end":{"line":161,"column":null}},"54":{"start":{"line":159,"column":6},"end":{"line":159,"column":null}},"55":{"start":{"line":160,"column":6},"end":{"line":160,"column":null}},"56":{"start":{"line":163,"column":4},"end":{"line":166,"column":null}},"57":{"start":{"line":164,"column":6},"end":{"line":164,"column":null}},"58":{"start":{"line":165,"column":6},"end":{"line":165,"column":null}},"59":{"start":{"line":168,"column":4},"end":{"line":171,"column":null}},"60":{"start":{"line":169,"column":6},"end":{"line":169,"column":null}},"61":{"start":{"line":170,"column":6},"end":{"line":170,"column":null}},"62":{"start":{"line":173,"column":4},"end":{"line":176,"column":null}},"63":{"start":{"line":174,"column":6},"end":{"line":174,"column":null}},"64":{"start":{"line":175,"column":6},"end":{"line":175,"column":null}},"65":{"start":{"line":178,"column":4},"end":{"line":216,"column":null}},"66":{"start":{"line":179,"column":6},"end":{"line":179,"column":null}},"67":{"start":{"line":180,"column":22},"end":{"line":189,"column":null}},"68":{"start":{"line":188,"column":39},"end":{"line":188,"column":66}},"69":{"start":{"line":191,"column":21},"end":{"line":191,"column":null}},"70":{"start":{"line":192,"column":18},"end":{"line":192,"column":75}},"71":{"start":{"line":193,"column":18},"end":{"line":197,"column":null}},"72":{"start":{"line":199,"column":19},"end":{"line":199,"column":null}},"73":{"start":{"line":200,"column":6},"end":{"line":210,"column":null}},"74":{"start":{"line":201,"column":8},"end":{"line":201,"column":null}},"75":{"start":{"line":202,"column":8},"end":{"line":202,"column":null}},"76":{"start":{"line":203,"column":8},"end":{"line":203,"column":null}},"77":{"start":{"line":204,"column":8},"end":{"line":206,"column":null}},"78":{"start":{"line":205,"column":10},"end":{"line":205,"column":null}},"79":{"start":{"line":207,"column":8},"end":{"line":207,"column":null}},"80":{"start":{"line":209,"column":8},"end":{"line":209,"column":null}},"81":{"start":{"line":212,"column":6},"end":{"line":212,"column":null}},"82":{"start":{"line":213,"column":6},"end":{"line":213,"column":null}},"83":{"start":{"line":215,"column":6},"end":{"line":215,"column":null}},"84":{"start":{"line":219,"column":23},"end":{"line":243,"column":null}},"85":{"start":{"line":220,"column":4},"end":{"line":220,"column":null}},"86":{"start":{"line":220,"column":25},"end":{"line":220,"column":null}},"87":{"start":{"line":221,"column":4},"end":{"line":242,"column":null}},"88":{"start":{"line":222,"column":6},"end":{"line":222,"column":null}},"89":{"start":{"line":223,"column":18},"end":{"line":227,"column":null}},"90":{"start":{"line":228,"column":19},"end":{"line":228,"column":null}},"91":{"start":{"line":229,"column":6},"end":{"line":236,"column":null}},"92":{"start":{"line":230,"column":8},"end":{"line":230,"column":null}},"93":{"start":{"line":231,"column":8},"end":{"line":231,"column":null}},"94":{"start":{"line":232,"column":8},"end":{"line":232,"column":null}},"95":{"start":{"line":233,"column":8},"end":{"line":233,"column":null}},"96":{"start":{"line":235,"column":8},"end":{"line":235,"column":null}},"97":{"start":{"line":238,"column":6},"end":{"line":238,"column":null}},"98":{"start":{"line":239,"column":6},"end":{"line":239,"column":null}},"99":{"start":{"line":241,"column":6},"end":{"line":241,"column":null}},"100":{"start":{"line":245,"column":24},"end":{"line":262,"column":null}},"101":{"start":{"line":246,"column":4},"end":{"line":246,"column":null}},"102":{"start":{"line":247,"column":4},"end":{"line":247,"column":null}},"103":{"start":{"line":248,"column":4},"end":{"line":248,"column":null}},"104":{"start":{"line":249,"column":4},"end":{"line":249,"column":null}},"105":{"start":{"line":250,"column":4},"end":{"line":250,"column":null}},"106":{"start":{"line":251,"column":4},"end":{"line":260,"column":null}},"107":{"start":{"line":261,"column":4},"end":{"line":261,"column":null}},"108":{"start":{"line":264,"column":27},"end":{"line":279,"column":null}},"109":{"start":{"line":265,"column":4},"end":{"line":268,"column":null}},"110":{"start":{"line":266,"column":6},"end":{"line":266,"column":null}},"111":{"start":{"line":267,"column":6},"end":{"line":267,"column":null}},"112":{"start":{"line":269,"column":4},"end":{"line":277,"column":null}},"113":{"start":{"line":278,"column":4},"end":{"line":278,"column":null}},"114":{"start":{"line":281,"column":30},"end":{"line":283,"column":null}},"115":{"start":{"line":282,"column":4},"end":{"line":282,"column":null}},"116":{"start":{"line":282,"column":42},"end":{"line":282,"column":null}},"117":{"start":{"line":285,"column":29},"end":{"line":294,"column":null}},"118":{"start":{"line":286,"column":15},"end":{"line":286,"column":null}},"119":{"start":{"line":287,"column":4},"end":{"line":289,"column":null}},"120":{"start":{"line":288,"column":6},"end":{"line":288,"column":null}},"121":{"start":{"line":290,"column":4},"end":{"line":292,"column":null}},"122":{"start":{"line":291,"column":6},"end":{"line":291,"column":null}},"123":{"start":{"line":293,"column":4},"end":{"line":293,"column":null}},"124":{"start":{"line":296,"column":2},"end":{"line":302,"column":null}},"125":{"start":{"line":327,"column":31},"end":{"line":327,"column":null}},"126":{"start":{"line":338,"column":16},"end":{"line":339,"column":null}},"127":{"start":{"line":341,"column":20},"end":{"line":341,"column":null}},"128":{"start":{"line":342,"column":20},"end":{"line":342,"column":null}},"129":{"start":{"line":343,"column":20},"end":{"line":343,"column":null}},"130":{"start":{"line":382,"column":33},"end":{"line":382,"column":null}},"131":{"start":{"line":394,"column":16},"end":{"line":395,"column":null}},"132":{"start":{"line":396,"column":33},"end":{"line":396,"column":null}},"133":{"start":{"line":421,"column":39},"end":{"line":421,"column":null}},"134":{"start":{"line":433,"column":39},"end":{"line":433,"column":null}},"135":{"start":{"line":445,"column":39},"end":{"line":445,"column":null}},"136":{"start":{"line":457,"column":39},"end":{"line":457,"column":null}},"137":{"start":{"line":468,"column":39},"end":{"line":468,"column":null}},"138":{"start":{"line":495,"column":41},"end":{"line":495,"column":null}},"139":{"start":{"line":509,"column":43},"end":{"line":509,"column":null}},"140":{"start":{"line":534,"column":41},"end":{"line":534,"column":null}},"141":{"start":{"line":549,"column":41},"end":{"line":549,"column":null}},"142":{"start":{"line":563,"column":43},"end":{"line":563,"column":null}},"143":{"start":{"line":579,"column":41},"end":{"line":579,"column":null}},"144":{"start":{"line":595,"column":41},"end":{"line":595,"column":null}},"145":{"start":{"line":606,"column":43},"end":{"line":606,"column":null}},"146":{"start":{"line":653,"column":30},"end":{"line":653,"column":44}},"147":{"start":{"line":660,"column":53},"end":{"line":660,"column":null}},"148":{"start":{"line":686,"column":45},"end":{"line":686,"column":null}},"149":{"start":{"line":696,"column":45},"end":{"line":696,"column":null}},"150":{"start":{"line":707,"column":45},"end":{"line":707,"column":null}},"151":{"start":{"line":734,"column":22},"end":{"line":734,"column":null}},"152":{"start":{"line":735,"column":22},"end":{"line":740,"column":null}},"153":{"start":{"line":736,"column":24},"end":{"line":736,"column":null}},"154":{"start":{"line":737,"column":24},"end":{"line":737,"column":null}},"155":{"start":{"line":739,"column":24},"end":{"line":739,"column":null}},"156":{"start":{"line":756,"column":33},"end":{"line":756,"column":null}},"157":{"start":{"line":781,"column":31},"end":{"line":781,"column":null}}},"fnMap":{"0":{"name":"AdminCropsPage","decl":{"start":{"line":49,"column":24},"end":{"line":49,"column":null}},"loc":{"start":{"line":49,"column":24},"end":{"line":808,"column":null}}},"1":{"name":"(anonymous_2)","decl":{"start":{"line":85,"column":21},"end":{"line":85,"column":null}},"loc":{"start":{"line":85,"column":21},"end":{"line":101,"column":null}}},"2":{"name":"(anonymous_3)","decl":{"start":{"line":103,"column":12},"end":{"line":103,"column":null}},"loc":{"start":{"line":103,"column":12},"end":{"line":105,"column":5}}},"3":{"name":"(anonymous_4)","decl":{"start":{"line":108,"column":12},"end":{"line":108,"column":null}},"loc":{"start":{"line":108,"column":12},"end":{"line":112,"column":5}}},"4":{"name":"(anonymous_5)","decl":{"start":{"line":114,"column":23},"end":{"line":114,"column":30}},"loc":{"start":{"line":114,"column":30},"end":{"line":143,"column":null}}},"5":{"name":"(anonymous_6)","decl":{"start":{"line":145,"column":34},"end":{"line":145,"column":39}},"loc":{"start":{"line":145,"column":39},"end":{"line":145,"column":null}}},"6":{"name":"(anonymous_7)","decl":{"start":{"line":146,"column":37},"end":{"line":146,"column":null}},"loc":{"start":{"line":147,"column":4},"end":{"line":149,"column":17}}},"7":{"name":"(anonymous_8)","decl":{"start":{"line":152,"column":20},"end":{"line":152,"column":21}},"loc":{"start":{"line":152,"column":72},"end":{"line":155,"column":null}}},"8":{"name":"(anonymous_9)","decl":{"start":{"line":154,"column":15},"end":{"line":154,"column":21}},"loc":{"start":{"line":154,"column":21},"end":{"line":154,"column":44}}},"9":{"name":"(anonymous_10)","decl":{"start":{"line":157,"column":21},"end":{"line":157,"column":null}},"loc":{"start":{"line":157,"column":21},"end":{"line":217,"column":null}}},"10":{"name":"(anonymous_11)","decl":{"start":{"line":188,"column":34},"end":{"line":188,"column":39}},"loc":{"start":{"line":188,"column":39},"end":{"line":188,"column":66}}},"11":{"name":"(anonymous_12)","decl":{"start":{"line":219,"column":23},"end":{"line":219,"column":null}},"loc":{"start":{"line":219,"column":23},"end":{"line":243,"column":null}}},"12":{"name":"(anonymous_13)","decl":{"start":{"line":245,"column":24},"end":{"line":245,"column":null}},"loc":{"start":{"line":245,"column":24},"end":{"line":262,"column":null}}},"13":{"name":"(anonymous_14)","decl":{"start":{"line":264,"column":27},"end":{"line":264,"column":null}},"loc":{"start":{"line":264,"column":27},"end":{"line":279,"column":null}}},"14":{"name":"(anonymous_15)","decl":{"start":{"line":281,"column":30},"end":{"line":281,"column":31}},"loc":{"start":{"line":281,"column":31},"end":{"line":283,"column":null}}},"15":{"name":"(anonymous_16)","decl":{"start":{"line":282,"column":32},"end":{"line":282,"column":33}},"loc":{"start":{"line":282,"column":42},"end":{"line":282,"column":null}}},"16":{"name":"(anonymous_17)","decl":{"start":{"line":285,"column":29},"end":{"line":285,"column":null}},"loc":{"start":{"line":285,"column":29},"end":{"line":294,"column":null}}},"17":{"name":"(anonymous_18)","decl":{"start":{"line":327,"column":24},"end":{"line":327,"column":25}},"loc":{"start":{"line":327,"column":31},"end":{"line":327,"column":null}}},"18":{"name":"(anonymous_19)","decl":{"start":{"line":337,"column":32},"end":{"line":337,"column":33}},"loc":{"start":{"line":338,"column":16},"end":{"line":339,"column":null}}},"19":{"name":"(anonymous_20)","decl":{"start":{"line":340,"column":27},"end":{"line":340,"column":null}},"loc":{"start":{"line":340,"column":27},"end":{"line":344,"column":null}}},"20":{"name":"(anonymous_21)","decl":{"start":{"line":382,"column":27},"end":{"line":382,"column":33}},"loc":{"start":{"line":382,"column":33},"end":{"line":382,"column":null}}},"21":{"name":"(anonymous_22)","decl":{"start":{"line":393,"column":63},"end":{"line":393,"column":null}},"loc":{"start":{"line":394,"column":16},"end":{"line":395,"column":null}}},"22":{"name":"(anonymous_23)","decl":{"start":{"line":396,"column":27},"end":{"line":396,"column":33}},"loc":{"start":{"line":396,"column":33},"end":{"line":396,"column":null}}},"23":{"name":"(anonymous_24)","decl":{"start":{"line":421,"column":32},"end":{"line":421,"column":33}},"loc":{"start":{"line":421,"column":39},"end":{"line":421,"column":null}}},"24":{"name":"(anonymous_25)","decl":{"start":{"line":433,"column":32},"end":{"line":433,"column":33}},"loc":{"start":{"line":433,"column":39},"end":{"line":433,"column":null}}},"25":{"name":"(anonymous_26)","decl":{"start":{"line":445,"column":32},"end":{"line":445,"column":33}},"loc":{"start":{"line":445,"column":39},"end":{"line":445,"column":null}}},"26":{"name":"(anonymous_27)","decl":{"start":{"line":457,"column":32},"end":{"line":457,"column":33}},"loc":{"start":{"line":457,"column":39},"end":{"line":457,"column":null}}},"27":{"name":"(anonymous_28)","decl":{"start":{"line":468,"column":32},"end":{"line":468,"column":33}},"loc":{"start":{"line":468,"column":39},"end":{"line":468,"column":null}}},"28":{"name":"(anonymous_29)","decl":{"start":{"line":495,"column":34},"end":{"line":495,"column":35}},"loc":{"start":{"line":495,"column":41},"end":{"line":495,"column":null}}},"29":{"name":"(anonymous_30)","decl":{"start":{"line":509,"column":36},"end":{"line":509,"column":37}},"loc":{"start":{"line":509,"column":43},"end":{"line":509,"column":null}}},"30":{"name":"(anonymous_31)","decl":{"start":{"line":534,"column":34},"end":{"line":534,"column":35}},"loc":{"start":{"line":534,"column":41},"end":{"line":534,"column":null}}},"31":{"name":"(anonymous_32)","decl":{"start":{"line":549,"column":34},"end":{"line":549,"column":35}},"loc":{"start":{"line":549,"column":41},"end":{"line":549,"column":null}}},"32":{"name":"(anonymous_33)","decl":{"start":{"line":563,"column":36},"end":{"line":563,"column":37}},"loc":{"start":{"line":563,"column":43},"end":{"line":563,"column":null}}},"33":{"name":"(anonymous_34)","decl":{"start":{"line":579,"column":34},"end":{"line":579,"column":35}},"loc":{"start":{"line":579,"column":41},"end":{"line":579,"column":null}}},"34":{"name":"(anonymous_35)","decl":{"start":{"line":595,"column":34},"end":{"line":595,"column":35}},"loc":{"start":{"line":595,"column":41},"end":{"line":595,"column":null}}},"35":{"name":"(anonymous_36)","decl":{"start":{"line":606,"column":36},"end":{"line":606,"column":37}},"loc":{"start":{"line":606,"column":43},"end":{"line":606,"column":null}}},"36":{"name":"(anonymous_37)","decl":{"start":{"line":652,"column":42},"end":{"line":652,"column":43}},"loc":{"start":{"line":653,"column":30},"end":{"line":653,"column":44}}},"37":{"name":"(anonymous_38)","decl":{"start":{"line":660,"column":47},"end":{"line":660,"column":53}},"loc":{"start":{"line":660,"column":53},"end":{"line":660,"column":null}}},"38":{"name":"(anonymous_39)","decl":{"start":{"line":686,"column":38},"end":{"line":686,"column":39}},"loc":{"start":{"line":686,"column":45},"end":{"line":686,"column":null}}},"39":{"name":"(anonymous_40)","decl":{"start":{"line":696,"column":38},"end":{"line":696,"column":39}},"loc":{"start":{"line":696,"column":45},"end":{"line":696,"column":null}}},"40":{"name":"(anonymous_41)","decl":{"start":{"line":707,"column":38},"end":{"line":707,"column":39}},"loc":{"start":{"line":707,"column":45},"end":{"line":707,"column":null}}},"41":{"name":"(anonymous_42)","decl":{"start":{"line":733,"column":29},"end":{"line":733,"column":null}},"loc":{"start":{"line":733,"column":29},"end":{"line":741,"column":null}}},"42":{"name":"(anonymous_43)","decl":{"start":{"line":756,"column":27},"end":{"line":756,"column":33}},"loc":{"start":{"line":756,"column":33},"end":{"line":756,"column":null}}},"43":{"name":"(anonymous_44)","decl":{"start":{"line":781,"column":25},"end":{"line":781,"column":31}},"loc":{"start":{"line":781,"column":31},"end":{"line":781,"column":null}}}},"branchMap":{"0":{"loc":{"start":{"line":90,"column":6},"end":{"line":94,"column":null}},"type":"if","locations":[{"start":{"line":90,"column":6},"end":{"line":94,"column":null}},{"start":{"line":92,"column":13},"end":{"line":94,"column":null}}]},"1":{"loc":{"start":{"line":91,"column":17},"end":{"line":91,"column":32}},"type":"binary-expr","locations":[{"start":{"line":91,"column":17},"end":{"line":91,"column":26}},{"start":{"line":91,"column":30},"end":{"line":91,"column":32}}]},"2":{"loc":{"start":{"line":109,"column":4},"end":{"line":111,"column":null}},"type":"if","locations":[{"start":{"line":109,"column":4},"end":{"line":111,"column":null}}]},"3":{"loc":{"start":{"line":109,"column":8},"end":{"line":109,"column":38}},"type":"binary-expr","locations":[{"start":{"line":109,"column":8},"end":{"line":109,"column":26}},{"start":{"line":109,"column":26},"end":{"line":109,"column":38}}]},"4":{"loc":{"start":{"line":118,"column":6},"end":{"line":138,"column":null}},"type":"if","locations":[{"start":{"line":118,"column":6},"end":{"line":138,"column":null}}]},"5":{"loc":{"start":{"line":118,"column":10},"end":{"line":118,"column":35}},"type":"binary-expr","locations":[{"start":{"line":118,"column":10},"end":{"line":118,"column":22}},{"start":{"line":118,"column":26},"end":{"line":118,"column":35}}]},"6":{"loc":{"start":{"line":121,"column":19},"end":{"line":121,"column":null}},"type":"binary-expr","locations":[{"start":{"line":121,"column":19},"end":{"line":121,"column":31}},{"start":{"line":121,"column":35},"end":{"line":121,"column":null}}]},"7":{"loc":{"start":{"line":122,"column":19},"end":{"line":122,"column":null}},"type":"binary-expr","locations":[{"start":{"line":122,"column":19},"end":{"line":122,"column":31}},{"start":{"line":122,"column":35},"end":{"line":122,"column":null}}]},"8":{"loc":{"start":{"line":123,"column":21},"end":{"line":123,"column":null}},"type":"binary-expr","locations":[{"start":{"line":123,"column":21},"end":{"line":123,"column":35}},{"start":{"line":123,"column":39},"end":{"line":123,"column":null}}]},"9":{"loc":{"start":{"line":124,"column":21},"end":{"line":124,"column":null}},"type":"binary-expr","locations":[{"start":{"line":124,"column":21},"end":{"line":124,"column":35}},{"start":{"line":124,"column":39},"end":{"line":124,"column":null}}]},"10":{"loc":{"start":{"line":125,"column":18},"end":{"line":125,"column":null}},"type":"binary-expr","locations":[{"start":{"line":125,"column":18},"end":{"line":125,"column":29}},{"start":{"line":125,"column":33},"end":{"line":125,"column":null}}]},"11":{"loc":{"start":{"line":127,"column":21},"end":{"line":136,"column":null}},"type":"binary-expr","locations":[{"start":{"line":127,"column":21},"end":{"line":127,"column":35}},{"start":{"line":127,"column":39},"end":{"line":136,"column":null}}]},"12":{"loc":{"start":{"line":137,"column":20},"end":{"line":137,"column":39}},"type":"binary-expr","locations":[{"start":{"line":137,"column":20},"end":{"line":137,"column":33}},{"start":{"line":137,"column":37},"end":{"line":137,"column":39}}]},"13":{"loc":{"start":{"line":147,"column":4},"end":{"line":149,"column":17}},"type":"binary-expr","locations":[{"start":{"line":147,"column":5},"end":{"line":147,"column":null}},{"start":{"line":148,"column":6},"end":{"line":148,"column":64}},{"start":{"line":149,"column":4},"end":{"line":149,"column":17}}]},"14":{"loc":{"start":{"line":152,"column":35},"end":{"line":152,"column":72}},"type":"default-arg","locations":[{"start":{"line":152,"column":63},"end":{"line":152,"column":72}}]},"15":{"loc":{"start":{"line":158,"column":4},"end":{"line":161,"column":null}},"type":"if","locations":[{"start":{"line":158,"column":4},"end":{"line":161,"column":null}}]},"16":{"loc":{"start":{"line":158,"column":8},"end":{"line":158,"column":46}},"type":"binary-expr","locations":[{"start":{"line":158,"column":8},"end":{"line":158,"column":25}},{"start":{"line":158,"column":29},"end":{"line":158,"column":46}}]},"17":{"loc":{"start":{"line":163,"column":4},"end":{"line":166,"column":null}},"type":"if","locations":[{"start":{"line":163,"column":4},"end":{"line":166,"column":null}}]},"18":{"loc":{"start":{"line":168,"column":4},"end":{"line":171,"column":null}},"type":"if","locations":[{"start":{"line":168,"column":4},"end":{"line":171,"column":null}}]},"19":{"loc":{"start":{"line":168,"column":8},"end":{"line":168,"column":55}},"type":"binary-expr","locations":[{"start":{"line":168,"column":8},"end":{"line":168,"column":30}},{"start":{"line":168,"column":34},"end":{"line":168,"column":55}}]},"20":{"loc":{"start":{"line":173,"column":4},"end":{"line":176,"column":null}},"type":"if","locations":[{"start":{"line":173,"column":4},"end":{"line":176,"column":null}}]},"21":{"loc":{"start":{"line":173,"column":8},"end":{"line":173,"column":56}},"type":"binary-expr","locations":[{"start":{"line":173,"column":8},"end":{"line":173,"column":31}},{"start":{"line":173,"column":35},"end":{"line":173,"column":56}}]},"22":{"loc":{"start":{"line":181,"column":12},"end":{"line":181,"column":null}},"type":"cond-expr","locations":[{"start":{"line":181,"column":24},"end":{"line":181,"column":36}},{"start":{"line":181,"column":36},"end":{"line":181,"column":null}}]},"23":{"loc":{"start":{"line":184,"column":19},"end":{"line":184,"column":null}},"type":"binary-expr","locations":[{"start":{"line":184,"column":19},"end":{"line":184,"column":37}},{"start":{"line":184,"column":41},"end":{"line":184,"column":null}}]},"24":{"loc":{"start":{"line":185,"column":19},"end":{"line":185,"column":null}},"type":"binary-expr","locations":[{"start":{"line":185,"column":19},"end":{"line":185,"column":37}},{"start":{"line":185,"column":41},"end":{"line":185,"column":null}}]},"25":{"loc":{"start":{"line":188,"column":39},"end":{"line":188,"column":66}},"type":"binary-expr","locations":[{"start":{"line":188,"column":39},"end":{"line":188,"column":50}},{"start":{"line":188,"column":54},"end":{"line":188,"column":66}}]},"26":{"loc":{"start":{"line":191,"column":21},"end":{"line":191,"column":null}},"type":"cond-expr","locations":[{"start":{"line":191,"column":33},"end":{"line":191,"column":42}},{"start":{"line":191,"column":42},"end":{"line":191,"column":null}}]},"27":{"loc":{"start":{"line":192,"column":18},"end":{"line":192,"column":75}},"type":"cond-expr","locations":[{"start":{"line":192,"column":30},"end":{"line":192,"column":45}},{"start":{"line":192,"column":45},"end":{"line":192,"column":75}}]},"28":{"loc":{"start":{"line":200,"column":6},"end":{"line":210,"column":null}},"type":"if","locations":[{"start":{"line":200,"column":6},"end":{"line":210,"column":null}},{"start":{"line":208,"column":13},"end":{"line":210,"column":null}}]},"29":{"loc":{"start":{"line":201,"column":18},"end":{"line":201,"column":63}},"type":"cond-expr","locations":[{"start":{"line":201,"column":30},"end":{"line":201,"column":47}},{"start":{"line":201,"column":47},"end":{"line":201,"column":63}}]},"30":{"loc":{"start":{"line":204,"column":8},"end":{"line":206,"column":null}},"type":"if","locations":[{"start":{"line":204,"column":8},"end":{"line":206,"column":null}}]},"31":{"loc":{"start":{"line":209,"column":18},"end":{"line":209,"column":50}},"type":"binary-expr","locations":[{"start":{"line":209,"column":18},"end":{"line":209,"column":28}},{"start":{"line":209,"column":32},"end":{"line":209,"column":50}}]},"32":{"loc":{"start":{"line":220,"column":4},"end":{"line":220,"column":null}},"type":"if","locations":[{"start":{"line":220,"column":4},"end":{"line":220,"column":null}}]},"33":{"loc":{"start":{"line":229,"column":6},"end":{"line":236,"column":null}},"type":"if","locations":[{"start":{"line":229,"column":6},"end":{"line":236,"column":null}},{"start":{"line":234,"column":13},"end":{"line":236,"column":null}}]},"34":{"loc":{"start":{"line":265,"column":4},"end":{"line":268,"column":null}},"type":"if","locations":[{"start":{"line":265,"column":4},"end":{"line":268,"column":null}}]},"35":{"loc":{"start":{"line":265,"column":8},"end":{"line":265,"column":55}},"type":"binary-expr","locations":[{"start":{"line":265,"column":8},"end":{"line":265,"column":29}},{"start":{"line":265,"column":33},"end":{"line":265,"column":55}}]},"36":{"loc":{"start":{"line":274,"column":19},"end":{"line":274,"column":null}},"type":"cond-expr","locations":[{"start":{"line":274,"column":42},"end":{"line":274,"column":77}},{"start":{"line":274,"column":77},"end":{"line":274,"column":null}}]},"37":{"loc":{"start":{"line":287,"column":4},"end":{"line":289,"column":null}},"type":"if","locations":[{"start":{"line":287,"column":4},"end":{"line":289,"column":null}}]},"38":{"loc":{"start":{"line":287,"column":8},"end":{"line":287,"column":55}},"type":"binary-expr","locations":[{"start":{"line":287,"column":8},"end":{"line":287,"column":31}},{"start":{"line":287,"column":35},"end":{"line":287,"column":55}}]},"39":{"loc":{"start":{"line":290,"column":4},"end":{"line":292,"column":null}},"type":"if","locations":[{"start":{"line":290,"column":4},"end":{"line":292,"column":null}}]},"40":{"loc":{"start":{"line":296,"column":2},"end":{"line":302,"column":null}},"type":"if","locations":[{"start":{"line":296,"column":2},"end":{"line":302,"column":null}}]},"41":{"loc":{"start":{"line":334,"column":13},"end":{"line":339,"column":null}},"type":"cond-expr","locations":[{"start":{"line":335,"column":14},"end":{"line":337,"column":28}},{"start":{"line":337,"column":14},"end":{"line":339,"column":null}}]},"42":{"loc":{"start":{"line":346,"column":20},"end":{"line":348,"column":null}},"type":"cond-expr","locations":[{"start":{"line":347,"column":24},"end":{"line":347,"column":null}},{"start":{"line":348,"column":24},"end":{"line":348,"column":null}}]},"43":{"loc":{"start":{"line":358,"column":24},"end":{"line":360,"column":null}},"type":"cond-expr","locations":[{"start":{"line":359,"column":28},"end":{"line":359,"column":null}},{"start":{"line":360,"column":28},"end":{"line":360,"column":null}}]},"44":{"loc":{"start":{"line":374,"column":10},"end":{"line":765,"column":11}},"type":"cond-expr","locations":[{"start":{"line":374,"column":10},"end":{"line":765,"column":11}}]},"45":{"loc":{"start":{"line":373,"column":9},"end":{"line":373,"column":null}},"type":"binary-expr","locations":[{"start":{"line":373,"column":9},"end":{"line":373,"column":22}},{"start":{"line":373,"column":22},"end":{"line":373,"column":null}}]},"46":{"loc":{"start":{"line":378,"column":17},"end":{"line":378,"column":null}},"type":"cond-expr","locations":[{"start":{"line":378,"column":29},"end":{"line":378,"column":42}},{"start":{"line":378,"column":42},"end":{"line":378,"column":null}}]},"47":{"loc":{"start":{"line":380,"column":15},"end":{"line":380,"column":null}},"type":"binary-expr","locations":[{"start":{"line":380,"column":15},"end":{"line":380,"column":null}}]},"48":{"loc":{"start":{"line":397,"column":28},"end":{"line":397,"column":null}},"type":"binary-expr","locations":[{"start":{"line":397,"column":28},"end":{"line":397,"column":41}},{"start":{"line":397,"column":41},"end":{"line":397,"column":null}}]},"49":{"loc":{"start":{"line":399,"column":20},"end":{"line":401,"column":null}},"type":"cond-expr","locations":[{"start":{"line":400,"column":24},"end":{"line":400,"column":null}},{"start":{"line":401,"column":24},"end":{"line":401,"column":null}}]},"50":{"loc":{"start":{"line":402,"column":22},"end":{"line":402,"column":93}},"type":"cond-expr","locations":[{"start":{"line":402,"column":55},"end":{"line":402,"column":89}},{"start":{"line":402,"column":89},"end":{"line":402,"column":93}}]},"51":{"loc":{"start":{"line":402,"column":22},"end":{"line":402,"column":55}},"type":"binary-expr","locations":[{"start":{"line":402,"column":22},"end":{"line":402,"column":35}},{"start":{"line":402,"column":35},"end":{"line":402,"column":55}}]},"52":{"loc":{"start":{"line":404,"column":19},"end":{"line":404,"column":null}},"type":"binary-expr","locations":[{"start":{"line":404,"column":19},"end":{"line":404,"column":39}},{"start":{"line":404,"column":39},"end":{"line":404,"column":null}}]},"53":{"loc":{"start":{"line":405,"column":19},"end":{"line":405,"column":null}},"type":"binary-expr","locations":[{"start":{"line":405,"column":19},"end":{"line":405,"column":42}},{"start":{"line":405,"column":42},"end":{"line":405,"column":null}}]},"54":{"loc":{"start":{"line":406,"column":19},"end":{"line":406,"column":null}},"type":"binary-expr","locations":[{"start":{"line":406,"column":19},"end":{"line":406,"column":38}},{"start":{"line":406,"column":38},"end":{"line":406,"column":null}}]},"55":{"loc":{"start":{"line":414,"column":15},"end":{"line":414,"column":null}},"type":"binary-expr","locations":[{"start":{"line":414,"column":15},"end":{"line":414,"column":null}}]},"56":{"loc":{"start":{"line":480,"column":15},"end":{"line":480,"column":null}},"type":"binary-expr","locations":[{"start":{"line":480,"column":15},"end":{"line":480,"column":null}}]},"57":{"loc":{"start":{"line":502,"column":21},"end":{"line":502,"column":43}},"type":"binary-expr","locations":[{"start":{"line":502,"column":21},"end":{"line":502,"column":43}},{"start":{"line":502,"column":47},"end":{"line":502,"column":null}}]},"58":{"loc":{"start":{"line":508,"column":33},"end":{"line":508,"column":null}},"type":"binary-expr","locations":[{"start":{"line":508,"column":33},"end":{"line":508,"column":53}},{"start":{"line":508,"column":57},"end":{"line":508,"column":null}}]},"59":{"loc":{"start":{"line":509,"column":84},"end":{"line":509,"column":138}},"type":"cond-expr","locations":[{"start":{"line":509,"column":101},"end":{"line":509,"column":128}},{"start":{"line":509,"column":128},"end":{"line":509,"column":138}}]},"60":{"loc":{"start":{"line":514,"column":21},"end":{"line":514,"column":43}},"type":"binary-expr","locations":[{"start":{"line":514,"column":21},"end":{"line":514,"column":43}},{"start":{"line":514,"column":47},"end":{"line":514,"column":null}}]},"61":{"loc":{"start":{"line":556,"column":21},"end":{"line":556,"column":44}},"type":"binary-expr","locations":[{"start":{"line":556,"column":21},"end":{"line":556,"column":44}},{"start":{"line":556,"column":48},"end":{"line":556,"column":null}}]},"62":{"loc":{"start":{"line":562,"column":33},"end":{"line":562,"column":null}},"type":"binary-expr","locations":[{"start":{"line":562,"column":33},"end":{"line":562,"column":53}},{"start":{"line":562,"column":57},"end":{"line":562,"column":null}}]},"63":{"loc":{"start":{"line":563,"column":84},"end":{"line":563,"column":138}},"type":"cond-expr","locations":[{"start":{"line":563,"column":101},"end":{"line":563,"column":128}},{"start":{"line":563,"column":128},"end":{"line":563,"column":138}}]},"64":{"loc":{"start":{"line":568,"column":21},"end":{"line":568,"column":44}},"type":"binary-expr","locations":[{"start":{"line":568,"column":21},"end":{"line":568,"column":44}},{"start":{"line":568,"column":48},"end":{"line":568,"column":null}}]},"65":{"loc":{"start":{"line":594,"column":31},"end":{"line":594,"column":null}},"type":"binary-expr","locations":[{"start":{"line":594,"column":31},"end":{"line":594,"column":56}},{"start":{"line":594,"column":60},"end":{"line":594,"column":null}}]},"66":{"loc":{"start":{"line":595,"column":87},"end":{"line":595,"column":133}},"type":"cond-expr","locations":[{"start":{"line":595,"column":104},"end":{"line":595,"column":131}},{"start":{"line":595,"column":131},"end":{"line":595,"column":133}}]},"67":{"loc":{"start":{"line":601,"column":21},"end":{"line":601,"column":62}},"type":"binary-expr","locations":[{"start":{"line":601,"column":21},"end":{"line":601,"column":62}},{"start":{"line":601,"column":62},"end":{"line":601,"column":null}}]},"68":{"loc":{"start":{"line":613,"column":21},"end":{"line":613,"column":null}},"type":"binary-expr","locations":[{"start":{"line":613,"column":21},"end":{"line":613,"column":null}}]},"69":{"loc":{"start":{"line":616,"column":25},"end":{"line":616,"column":66}},"type":"binary-expr","locations":[{"start":{"line":616,"column":25},"end":{"line":616,"column":66}},{"start":{"line":616,"column":66},"end":{"line":616,"column":97}}]},"70":{"loc":{"start":{"line":635,"column":15},"end":{"line":635,"column":null}},"type":"binary-expr","locations":[{"start":{"line":635,"column":15},"end":{"line":635,"column":null}}]},"71":{"loc":{"start":{"line":638,"column":19},"end":{"line":638,"column":null}},"type":"binary-expr","locations":[{"start":{"line":638,"column":19},"end":{"line":638,"column":null}}]},"72":{"loc":{"start":{"line":648,"column":31},"end":{"line":648,"column":44}},"type":"binary-expr","locations":[{"start":{"line":648,"column":31},"end":{"line":648,"column":44}}]},"73":{"loc":{"start":{"line":656,"column":53},"end":{"line":656,"column":null}},"type":"cond-expr","locations":[{"start":{"line":656,"column":73},"end":{"line":656,"column":110}},{"start":{"line":656,"column":110},"end":{"line":656,"column":null}}]},"74":{"loc":{"start":{"line":657,"column":33},"end":{"line":657,"column":null}},"type":"binary-expr","locations":[{"start":{"line":657,"column":33},"end":{"line":657,"column":null}}]},"75":{"loc":{"start":{"line":676,"column":19},"end":{"line":676,"column":null}},"type":"binary-expr","locations":[{"start":{"line":676,"column":19},"end":{"line":676,"column":null}}]},"76":{"loc":{"start":{"line":721,"column":19},"end":{"line":721,"column":44}},"type":"binary-expr","locations":[{"start":{"line":721,"column":19},"end":{"line":721,"column":44}},{"start":{"line":721,"column":44},"end":{"line":721,"column":null}}]},"77":{"loc":{"start":{"line":731,"column":16},"end":{"line":755,"column":17}},"type":"cond-expr","locations":[{"start":{"line":731,"column":16},"end":{"line":755,"column":17}}]},"78":{"loc":{"start":{"line":730,"column":15},"end":{"line":730,"column":null}},"type":"binary-expr","locations":[{"start":{"line":730,"column":15},"end":{"line":730,"column":28}},{"start":{"line":730,"column":28},"end":{"line":730,"column":null}}]},"79":{"loc":{"start":{"line":735,"column":22},"end":{"line":740,"column":null}},"type":"if","locations":[{"start":{"line":735,"column":22},"end":{"line":740,"column":null}},{"start":{"line":738,"column":29},"end":{"line":740,"column":null}}]},"80":{"loc":{"start":{"line":751,"column":21},"end":{"line":751,"column":null}},"type":"cond-expr","locations":[{"start":{"line":751,"column":30},"end":{"line":751,"column":44}},{"start":{"line":751,"column":44},"end":{"line":751,"column":null}}]},"81":{"loc":{"start":{"line":772,"column":7},"end":{"line":772,"column":null}},"type":"binary-expr","locations":[{"start":{"line":772,"column":7},"end":{"line":772,"column":null}}]},"82":{"loc":{"start":{"line":791,"column":17},"end":{"line":791,"column":null}},"type":"cond-expr","locations":[{"start":{"line":791,"column":26},"end":{"line":791,"column":42}},{"start":{"line":791,"column":42},"end":{"line":791,"column":null}}]},"83":{"loc":{"start":{"line":799,"column":7},"end":{"line":799,"column":null}},"type":"binary-expr","locations":[{"start":{"line":799,"column":7},"end":{"line":799,"column":null}}]},"84":{"loc":{"start":{"line":801,"column":10},"end":{"line":801,"column":null}},"type":"cond-expr","locations":[{"start":{"line":801,"column":44},"end":{"line":801,"column":61}},{"start":{"line":801,"column":61},"end":{"line":801,"column":null}}]}},"s":{"0":0,"1":0,"2":0,"3":0,"4":0,"5":0,"6":0,"7":0,"8":0,"9":0,"10":0,"11":0,"12":0,"13":0,"14":0,"15":0,"16":0,"17":0,"18":0,"19":0,"20":0,"21":0,"22":0,"23":0,"24":0,"25":0,"26":0,"27":0,"28":0,"29":0,"30":0,"31":0,"32":0,"33":0,"34":0,"35":0,"36":0,"37":0,"38":0,"39":0,"40":0,"41":0,"42":0,"43":0,"44":0,"45":0,"46":0,"47":0,"48":0,"49":0,"50":0,"51":0,"52":0,"53":0,"54":0,"55":0,"56":0,"57":0,"58":0,"59":0,"60":0,"61":0,"62":0,"63":0,"64":0,"65":0,"66":0,"67":0,"68":0,"69":0,"70":0,"71":0,"72":0,"73":0,"74":0,"75":0,"76":0,"77":0,"78":0,"79":0,"80":0,"81":0,"82":0,"83":0,"84":0,"85":0,"86":0,"87":0,"88":0,"89":0,"90":0,"91":0,"92":0,"93":0,"94":0,"95":0,"96":0,"97":0,"98":0,"99":0,"100":0,"101":0,"102":0,"103":0,"104":0,"105":0,"106":0,"107":0,"108":0,"109":0,"110":0,"111":0,"112":0,"113":0,"114":0,"115":0,"116":0,"117":0,"118":0,"119":0,"120":0,"121":0,"122":0,"123":0,"124":0,"125":0,"126":0,"127":0,"128":0,"129":0,"130":0,"131":0,"132":0,"133":0,"134":0,"135":0,"136":0,"137":0,"138":0,"139":0,"140":0,"141":0,"142":0,"143":0,"144":0,"145":0,"146":0,"147":0,"148":0,"149":0,"150":0,"151":0,"152":0,"153":0,"154":0,"155":0,"156":0,"157":0},"f":{"0":0,"1":0,"2":0,"3":0,"4":0,"5":0,"6":0,"7":0,"8":0,"9":0,"10":0,"11":0,"12":0,"13":0,"14":0,"15":0,"16":0,"17":0,"18":0,"19":0,"20":0,"21":0,"22":0,"23":0,"24":0,"25":0,"26":0,"27":0,"28":0,"29":0,"30":0,"31":0,"32":0,"33":0,"34":0,"35":0,"36":0,"37":0,"38":0,"39":0,"40":0,"41":0,"42":0,"43":0},"b":{"0":[0,0],"1":[0,0],"2":[0],"3":[0,0],"4":[0],"5":[0,0],"6":[0,0],"7":[0,0],"8":[0,0],"9":[0,0],"10":[0,0],"11":[0,0],"12":[0,0],"13":[0,0,0],"14":[0],"15":[0],"16":[0,0],"17":[0],"18":[0],"19":[0,0],"20":[0],"21":[0,0],"22":[0,0],"23":[0,0],"24":[0,0],"25":[0,0],"26":[0,0],"27":[0,0],"28":[0,0],"29":[0,0],"30":[0],"31":[0,0],"32":[0],"33":[0,0],"34":[0],"35":[0,0],"36":[0,0],"37":[0],"38":[0,0],"39":[0],"40":[0],"41":[0,0],"42":[0,0],"43":[0,0],"44":[0],"45":[0,0],"46":[0,0],"47":[0],"48":[0,0],"49":[0,0],"50":[0,0],"51":[0,0],"52":[0,0],"53":[0,0],"54":[0,0],"55":[0],"56":[0],"57":[0,0],"58":[0,0],"59":[0,0],"60":[0,0],"61":[0,0],"62":[0,0],"63":[0,0],"64":[0,0],"65":[0,0],"66":[0,0],"67":[0,0],"68":[0],"69":[0,0],"70":[0],"71":[0],"72":[0],"73":[0,0],"74":[0],"75":[0],"76":[0,0],"77":[0],"78":[0,0],"79":[0,0],"80":[0,0],"81":[0],"82":[0,0],"83":[0],"84":[0,0]}}
,"C:\\Users\\The boss\\Downloads\\Claude Code\\belarro-v4\\frontend\\src\\app\\api\\crops\\route.ts": {"path":"C:\\Users\\The boss\\Downloads\\Claude Code\\belarro-v4\\frontend\\src\\app\\api\\crops\\route.ts","statementMap":{"0":{"start":{"line":295,"column":22},"end":{"line":295,"column":29}},"1":{"start":{"line":27,"column":22},"end":{"line":27,"column":26}},"2":{"start":{"line":85,"column":22},"end":{"line":85,"column":27}},"3":{"start":{"line":180,"column":22},"end":{"line":180,"column":26}},"4":{"start":{"line":1,"column":42},"end":{"line":1,"column":null}},"5":{"start":{"line":3,"column":21},"end":{"line":3,"column":null}},"6":{"start":{"line":4,"column":34},"end":{"line":4,"column":null}},"7":{"start":{"line":7,"column":14},"end":{"line":7,"column":46}},"8":{"start":{"line":8,"column":19},"end":{"line":17,"column":null}},"9":{"start":{"line":19,"column":2},"end":{"line":22,"column":null}},"10":{"start":{"line":20,"column":18},"end":{"line":20,"column":null}},"11":{"start":{"line":21,"column":4},"end":{"line":21,"column":null}},"12":{"start":{"line":24,"column":2},"end":{"line":24,"column":null}},"13":{"start":{"line":28,"column":2},"end":{"line":82,"column":null}},"14":{"start":{"line":29,"column":29},"end":{"line":29,"column":null}},"15":{"start":{"line":30,"column":19},"end":{"line":30,"column":null}},"16":{"start":{"line":32,"column":4},"end":{"line":65,"column":null}},"17":{"start":{"line":34,"column":19},"end":{"line":35,"column":null}},"18":{"start":{"line":38,"column":6},"end":{"line":43,"column":null}},"19":{"start":{"line":39,"column":8},"end":{"line":41,"column":null}},"20":{"start":{"line":45,"column":23},"end":{"line":45,"column":30}},"21":{"start":{"line":48,"column":24},"end":{"line":49,"column":null}},"22":{"start":{"line":53,"column":23},"end":{"line":54,"column":null}},"23":{"start":{"line":57,"column":6},"end":{"line":64,"column":null}},"24":{"start":{"line":68,"column":18},"end":{"line":69,"column":null}},"25":{"start":{"line":72,"column":4},"end":{"line":75,"column":null}},"26":{"start":{"line":77,"column":4},"end":{"line":77,"column":null}},"27":{"start":{"line":78,"column":4},"end":{"line":80,"column":null}},"28":{"start":{"line":86,"column":2},"end":{"line":177,"column":null}},"29":{"start":{"line":87,"column":17},"end":{"line":87,"column":null}},"30":{"start":{"line":88,"column":84},"end":{"line":88,"column":null}},"31":{"start":{"line":90,"column":4},"end":{"line":95,"column":null}},"32":{"start":{"line":91,"column":6},"end":{"line":93,"column":null}},"33":{"start":{"line":98,"column":18},"end":{"line":107,"column":null}},"34":{"start":{"line":109,"column":17},"end":{"line":109,"column":25}},"35":{"start":{"line":112,"column":4},"end":{"line":127,"column":null}},"36":{"start":{"line":113,"column":6},"end":{"line":126,"column":null}},"37":{"start":{"line":130,"column":4},"end":{"line":145,"column":null}},"38":{"start":{"line":131,"column":6},"end":{"line":144,"column":null}},"39":{"start":{"line":132,"column":8},"end":{"line":143,"column":null}},"40":{"start":{"line":133,"column":10},"end":{"line":142,"column":null}},"41":{"start":{"line":148,"column":21},"end":{"line":149,"column":null}},"42":{"start":{"line":152,"column":27},"end":{"line":153,"column":null}},"43":{"start":{"line":156,"column":26},"end":{"line":157,"column":null}},"44":{"start":{"line":160,"column":4},"end":{"line":169,"column":null}},"45":{"start":{"line":172,"column":4},"end":{"line":172,"column":null}},"46":{"start":{"line":173,"column":4},"end":{"line":175,"column":null}},"47":{"start":{"line":181,"column":2},"end":{"line":292,"column":null}},"48":{"start":{"line":182,"column":17},"end":{"line":182,"column":null}},"49":{"start":{"line":183,"column":88},"end":{"line":183,"column":null}},"50":{"start":{"line":185,"column":4},"end":{"line":190,"column":null}},"51":{"start":{"line":186,"column":6},"end":{"line":188,"column":null}},"52":{"start":{"line":193,"column":28},"end":{"line":193,"column":null}},"53":{"start":{"line":194,"column":4},"end":{"line":194,"column":null}},"54":{"start":{"line":194,"column":17},"end":{"line":194,"column":null}},"55":{"start":{"line":195,"column":4},"end":{"line":195,"column":null}},"56":{"start":{"line":195,"column":17},"end":{"line":195,"column":null}},"57":{"start":{"line":196,"column":4},"end":{"line":196,"column":null}},"58":{"start":{"line":196,"column":33},"end":{"line":196,"column":null}},"59":{"start":{"line":197,"column":4},"end":{"line":197,"column":null}},"60":{"start":{"line":197,"column":33},"end":{"line":197,"column":null}},"61":{"start":{"line":198,"column":4},"end":{"line":198,"column":null}},"62":{"start":{"line":198,"column":16},"end":{"line":198,"column":null}},"63":{"start":{"line":200,"column":4},"end":{"line":203,"column":null}},"64":{"start":{"line":206,"column":4},"end":{"line":241,"column":null}},"65":{"start":{"line":207,"column":23},"end":{"line":208,"column":null}},"66":{"start":{"line":211,"column":6},"end":{"line":240,"column":null}},"67":{"start":{"line":212,"column":8},"end":{"line":224,"column":null}},"68":{"start":{"line":226,"column":8},"end":{"line":239,"column":null}},"69":{"start":{"line":244,"column":4},"end":{"line":263,"column":null}},"70":{"start":{"line":245,"column":6},"end":{"line":247,"column":null}},"71":{"start":{"line":249,"column":6},"end":{"line":262,"column":null}},"72":{"start":{"line":250,"column":8},"end":{"line":261,"column":null}},"73":{"start":{"line":251,"column":10},"end":{"line":260,"column":null}},"74":{"start":{"line":266,"column":21},"end":{"line":267,"column":null}},"75":{"start":{"line":270,"column":27},"end":{"line":271,"column":null}},"76":{"start":{"line":274,"column":26},"end":{"line":275,"column":null}},"77":{"start":{"line":278,"column":4},"end":{"line":285,"column":null}},"78":{"start":{"line":287,"column":4},"end":{"line":287,"column":null}},"79":{"start":{"line":288,"column":4},"end":{"line":290,"column":null}},"80":{"start":{"line":296,"column":2},"end":{"line":320,"column":null}},"81":{"start":{"line":297,"column":17},"end":{"line":297,"column":null}},"82":{"start":{"line":298,"column":19},"end":{"line":298,"column":null}},"83":{"start":{"line":300,"column":4},"end":{"line":305,"column":null}},"84":{"start":{"line":301,"column":6},"end":{"line":303,"column":null}},"85":{"start":{"line":308,"column":4},"end":{"line":311,"column":null}},"86":{"start":{"line":313,"column":4},"end":{"line":313,"column":null}},"87":{"start":{"line":315,"column":4},"end":{"line":315,"column":null}},"88":{"start":{"line":316,"column":4},"end":{"line":318,"column":null}}},"fnMap":{"0":{"name":"fetchFromSupabase","decl":{"start":{"line":6,"column":15},"end":{"line":6,"column":33}},"loc":{"start":{"line":6,"column":72},"end":{"line":25,"column":null}}},"1":{"name":"GET","decl":{"start":{"line":27,"column":22},"end":{"line":27,"column":26}},"loc":{"start":{"line":27,"column":46},"end":{"line":83,"column":null}}},"2":{"name":"POST","decl":{"start":{"line":85,"column":22},"end":{"line":85,"column":27}},"loc":{"start":{"line":85,"column":47},"end":{"line":178,"column":null}}},"3":{"name":"PUT","decl":{"start":{"line":180,"column":22},"end":{"line":180,"column":26}},"loc":{"start":{"line":180,"column":46},"end":{"line":293,"column":null}}},"4":{"name":"DELETE","decl":{"start":{"line":295,"column":22},"end":{"line":295,"column":29}},"loc":{"start":{"line":295,"column":49},"end":{"line":321,"column":null}}}},"branchMap":{"0":{"loc":{"start":{"line":3,"column":21},"end":{"line":3,"column":null}},"type":"binary-expr","locations":[{"start":{"line":3,"column":21},"end":{"line":3,"column":57}},{"start":{"line":3,"column":61},"end":{"line":3,"column":null}}]},"1":{"loc":{"start":{"line":4,"column":34},"end":{"line":4,"column":null}},"type":"binary-expr","locations":[{"start":{"line":4,"column":34},"end":{"line":4,"column":71}},{"start":{"line":4,"column":75},"end":{"line":4,"column":null}}]},"2":{"loc":{"start":{"line":6,"column":47},"end":{"line":6,"column":72}},"type":"default-arg","locations":[{"start":{"line":6,"column":70},"end":{"line":6,"column":72}}]},"3":{"loc":{"start":{"line":19,"column":2},"end":{"line":22,"column":null}},"type":"if","locations":[{"start":{"line":19,"column":2},"end":{"line":22,"column":null}}]},"4":{"loc":{"start":{"line":32,"column":4},"end":{"line":65,"column":null}},"type":"if","locations":[{"start":{"line":32,"column":4},"end":{"line":65,"column":null}}]},"5":{"loc":{"start":{"line":38,"column":6},"end":{"line":43,"column":null}},"type":"if","locations":[{"start":{"line":38,"column":6},"end":{"line":43,"column":null}}]},"6":{"loc":{"start":{"line":38,"column":10},"end":{"line":38,"column":38}},"type":"binary-expr","locations":[{"start":{"line":38,"column":10},"end":{"line":38,"column":19}},{"start":{"line":38,"column":19},"end":{"line":38,"column":38}}]},"7":{"loc":{"start":{"line":61,"column":21},"end":{"line":61,"column":null}},"type":"binary-expr","locations":[{"start":{"line":61,"column":21},"end":{"line":61,"column":33}},{"start":{"line":61,"column":37},"end":{"line":61,"column":null}}]},"8":{"loc":{"start":{"line":62,"column":20},"end":{"line":62,"column":34}},"type":"binary-expr","locations":[{"start":{"line":62,"column":20},"end":{"line":62,"column":32}},{"start":{"line":62,"column":32},"end":{"line":62,"column":34}}]},"9":{"loc":{"start":{"line":74,"column":12},"end":{"line":74,"column":23}},"type":"binary-expr","locations":[{"start":{"line":74,"column":12},"end":{"line":74,"column":21}},{"start":{"line":74,"column":21},"end":{"line":74,"column":23}}]},"10":{"loc":{"start":{"line":79,"column":31},"end":{"line":79,"column":88}},"type":"cond-expr","locations":[{"start":{"line":79,"column":56},"end":{"line":79,"column":69}},{"start":{"line":79,"column":72},"end":{"line":79,"column":88}}]},"11":{"loc":{"start":{"line":90,"column":4},"end":{"line":95,"column":null}},"type":"if","locations":[{"start":{"line":90,"column":4},"end":{"line":95,"column":null}}]},"12":{"loc":{"start":{"line":90,"column":8},"end":{"line":90,"column":30}},"type":"binary-expr","locations":[{"start":{"line":90,"column":8},"end":{"line":90,"column":20}},{"start":{"line":90,"column":20},"end":{"line":90,"column":30}}]},"13":{"loc":{"start":{"line":103,"column":19},"end":{"line":103,"column":null}},"type":"binary-expr","locations":[{"start":{"line":103,"column":19},"end":{"line":103,"column":32}},{"start":{"line":103,"column":32},"end":{"line":103,"column":null}}]},"14":{"loc":{"start":{"line":104,"column":19},"end":{"line":104,"column":null}},"type":"binary-expr","locations":[{"start":{"line":104,"column":19},"end":{"line":104,"column":32}},{"start":{"line":104,"column":32},"end":{"line":104,"column":null}}]},"15":{"loc":{"start":{"line":105,"column":16},"end":{"line":105,"column":null}},"type":"binary-expr","locations":[{"start":{"line":105,"column":16},"end":{"line":105,"column":26}},{"start":{"line":105,"column":26},"end":{"line":105,"column":null}}]},"16":{"loc":{"start":{"line":112,"column":4},"end":{"line":127,"column":null}},"type":"if","locations":[{"start":{"line":112,"column":4},"end":{"line":127,"column":null}}]},"17":{"loc":{"start":{"line":112,"column":8},"end":{"line":112,"column":52}},"type":"binary-expr","locations":[{"start":{"line":112,"column":8},"end":{"line":112,"column":21}},{"start":{"line":112,"column":21},"end":{"line":112,"column":52}}]},"18":{"loc":{"start":{"line":117,"column":24},"end":{"line":117,"column":null}},"type":"binary-expr","locations":[{"start":{"line":117,"column":24},"end":{"line":117,"column":46}},{"start":{"line":117,"column":50},"end":{"line":117,"column":null}}]},"19":{"loc":{"start":{"line":118,"column":22},"end":{"line":118,"column":null}},"type":"binary-expr","locations":[{"start":{"line":118,"column":22},"end":{"line":118,"column":42}},{"start":{"line":118,"column":46},"end":{"line":118,"column":null}}]},"20":{"loc":{"start":{"line":119,"column":30},"end":{"line":119,"column":null}},"type":"binary-expr","locations":[{"start":{"line":119,"column":30},"end":{"line":119,"column":58}},{"start":{"line":119,"column":62},"end":{"line":119,"column":null}}]},"21":{"loc":{"start":{"line":120,"column":25},"end":{"line":120,"column":null}},"type":"binary-expr","locations":[{"start":{"line":120,"column":25},"end":{"line":120,"column":48}},{"start":{"line":120,"column":52},"end":{"line":120,"column":null}}]},"22":{"loc":{"start":{"line":121,"column":22},"end":{"line":121,"column":null}},"type":"binary-expr","locations":[{"start":{"line":121,"column":22},"end":{"line":121,"column":42}},{"start":{"line":121,"column":46},"end":{"line":121,"column":null}}]},"23":{"loc":{"start":{"line":122,"column":27},"end":{"line":122,"column":null}},"type":"binary-expr","locations":[{"start":{"line":122,"column":27},"end":{"line":122,"column":52}},{"start":{"line":122,"column":56},"end":{"line":122,"column":null}}]},"24":{"loc":{"start":{"line":123,"column":27},"end":{"line":123,"column":null}},"type":"binary-expr","locations":[{"start":{"line":123,"column":27},"end":{"line":123,"column":52}},{"start":{"line":123,"column":56},"end":{"line":123,"column":null}}]},"25":{"loc":{"start":{"line":124,"column":33},"end":{"line":124,"column":null}},"type":"binary-expr","locations":[{"start":{"line":124,"column":33},"end":{"line":124,"column":64}},{"start":{"line":124,"column":68},"end":{"line":124,"column":null}}]},"26":{"loc":{"start":{"line":130,"column":4},"end":{"line":145,"column":null}},"type":"if","locations":[{"start":{"line":130,"column":4},"end":{"line":145,"column":null}}]},"27":{"loc":{"start":{"line":130,"column":8},"end":{"line":130,"column":68}},"type":"binary-expr","locations":[{"start":{"line":130,"column":8},"end":{"line":130,"column":20}},{"start":{"line":130,"column":20},"end":{"line":130,"column":47}},{"start":{"line":130,"column":47},"end":{"line":130,"column":68}}]},"28":{"loc":{"start":{"line":132,"column":8},"end":{"line":143,"column":null}},"type":"if","locations":[{"start":{"line":132,"column":8},"end":{"line":143,"column":null}}]},"29":{"loc":{"start":{"line":132,"column":12},"end":{"line":132,"column":51}},"type":"binary-expr","locations":[{"start":{"line":132,"column":12},"end":{"line":132,"column":29}},{"start":{"line":132,"column":33},"end":{"line":132,"column":51}}]},"30":{"loc":{"start":{"line":139,"column":25},"end":{"line":139,"column":null}},"type":"binary-expr","locations":[{"start":{"line":139,"column":25},"end":{"line":139,"column":42}},{"start":{"line":139,"column":46},"end":{"line":139,"column":null}}]},"31":{"loc":{"start":{"line":140,"column":27},"end":{"line":140,"column":null}},"type":"binary-expr","locations":[{"start":{"line":140,"column":27},"end":{"line":140,"column":46}},{"start":{"line":140,"column":50},"end":{"line":140,"column":null}}]},"32":{"loc":{"start":{"line":165,"column":21},"end":{"line":165,"column":null}},"type":"binary-expr","locations":[{"start":{"line":165,"column":21},"end":{"line":165,"column":38}},{"start":{"line":165,"column":42},"end":{"line":165,"column":null}}]},"33":{"loc":{"start":{"line":166,"column":20},"end":{"line":166,"column":39}},"type":"binary-expr","locations":[{"start":{"line":166,"column":20},"end":{"line":166,"column":37}},{"start":{"line":166,"column":37},"end":{"line":166,"column":39}}]},"34":{"loc":{"start":{"line":174,"column":31},"end":{"line":174,"column":88}},"type":"cond-expr","locations":[{"start":{"line":174,"column":56},"end":{"line":174,"column":69}},{"start":{"line":174,"column":72},"end":{"line":174,"column":88}}]},"35":{"loc":{"start":{"line":185,"column":4},"end":{"line":190,"column":null}},"type":"if","locations":[{"start":{"line":185,"column":4},"end":{"line":190,"column":null}}]},"36":{"loc":{"start":{"line":194,"column":4},"end":{"line":194,"column":null}},"type":"if","locations":[{"start":{"line":194,"column":4},"end":{"line":194,"column":null}}]},"37":{"loc":{"start":{"line":195,"column":4},"end":{"line":195,"column":null}},"type":"if","locations":[{"start":{"line":195,"column":4},"end":{"line":195,"column":null}}]},"38":{"loc":{"start":{"line":196,"column":4},"end":{"line":196,"column":null}},"type":"if","locations":[{"start":{"line":196,"column":4},"end":{"line":196,"column":null}}]},"39":{"loc":{"start":{"line":197,"column":4},"end":{"line":197,"column":null}},"type":"if","locations":[{"start":{"line":197,"column":4},"end":{"line":197,"column":null}}]},"40":{"loc":{"start":{"line":198,"column":4},"end":{"line":198,"column":null}},"type":"if","locations":[{"start":{"line":198,"column":4},"end":{"line":198,"column":null}}]},"41":{"loc":{"start":{"line":206,"column":4},"end":{"line":241,"column":null}},"type":"if","locations":[{"start":{"line":206,"column":4},"end":{"line":241,"column":null}}]},"42":{"loc":{"start":{"line":211,"column":6},"end":{"line":240,"column":null}},"type":"if","locations":[{"start":{"line":211,"column":6},"end":{"line":240,"column":null}},{"start":{"line":225,"column":13},"end":{"line":240,"column":null}}]},"43":{"loc":{"start":{"line":211,"column":10},"end":{"line":211,"column":43}},"type":"binary-expr","locations":[{"start":{"line":211,"column":10},"end":{"line":211,"column":22}},{"start":{"line":211,"column":22},"end":{"line":211,"column":43}}]},"44":{"loc":{"start":{"line":215,"column":26},"end":{"line":215,"column":null}},"type":"binary-expr","locations":[{"start":{"line":215,"column":26},"end":{"line":215,"column":48}},{"start":{"line":215,"column":52},"end":{"line":215,"column":null}}]},"45":{"loc":{"start":{"line":216,"column":24},"end":{"line":216,"column":null}},"type":"binary-expr","locations":[{"start":{"line":216,"column":24},"end":{"line":216,"column":44}},{"start":{"line":216,"column":48},"end":{"line":216,"column":null}}]},"46":{"loc":{"start":{"line":217,"column":32},"end":{"line":217,"column":null}},"type":"binary-expr","locations":[{"start":{"line":217,"column":32},"end":{"line":217,"column":60}},{"start":{"line":217,"column":64},"end":{"line":217,"column":null}}]},"47":{"loc":{"start":{"line":218,"column":27},"end":{"line":218,"column":null}},"type":"binary-expr","locations":[{"start":{"line":218,"column":27},"end":{"line":218,"column":50}},{"start":{"line":218,"column":54},"end":{"line":218,"column":null}}]},"48":{"loc":{"start":{"line":219,"column":24},"end":{"line":219,"column":null}},"type":"binary-expr","locations":[{"start":{"line":219,"column":24},"end":{"line":219,"column":44}},{"start":{"line":219,"column":48},"end":{"line":219,"column":null}}]},"49":{"loc":{"start":{"line":220,"column":29},"end":{"line":220,"column":null}},"type":"binary-expr","locations":[{"start":{"line":220,"column":29},"end":{"line":220,"column":54}},{"start":{"line":220,"column":58},"end":{"line":220,"column":null}}]},"50":{"loc":{"start":{"line":221,"column":29},"end":{"line":221,"column":null}},"type":"binary-expr","locations":[{"start":{"line":221,"column":29},"end":{"line":221,"column":54}},{"start":{"line":221,"column":58},"end":{"line":221,"column":null}}]},"51":{"loc":{"start":{"line":222,"column":35},"end":{"line":222,"column":null}},"type":"binary-expr","locations":[{"start":{"line":222,"column":35},"end":{"line":222,"column":66}},{"start":{"line":222,"column":70},"end":{"line":222,"column":null}}]},"52":{"loc":{"start":{"line":230,"column":26},"end":{"line":230,"column":null}},"type":"binary-expr","locations":[{"start":{"line":230,"column":26},"end":{"line":230,"column":48}},{"start":{"line":230,"column":52},"end":{"line":230,"column":null}}]},"53":{"loc":{"start":{"line":231,"column":24},"end":{"line":231,"column":null}},"type":"binary-expr","locations":[{"start":{"line":231,"column":24},"end":{"line":231,"column":44}},{"start":{"line":231,"column":48},"end":{"line":231,"column":null}}]},"54":{"loc":{"start":{"line":232,"column":32},"end":{"line":232,"column":null}},"type":"binary-expr","locations":[{"start":{"line":232,"column":32},"end":{"line":232,"column":60}},{"start":{"line":232,"column":64},"end":{"line":232,"column":null}}]},"55":{"loc":{"start":{"line":233,"column":27},"end":{"line":233,"column":null}},"type":"binary-expr","locations":[{"start":{"line":233,"column":27},"end":{"line":233,"column":50}},{"start":{"line":233,"column":54},"end":{"line":233,"column":null}}]},"56":{"loc":{"start":{"line":234,"column":24},"end":{"line":234,"column":null}},"type":"binary-expr","locations":[{"start":{"line":234,"column":24},"end":{"line":234,"column":44}},{"start":{"line":234,"column":48},"end":{"line":234,"column":null}}]},"57":{"loc":{"start":{"line":235,"column":29},"end":{"line":235,"column":null}},"type":"binary-expr","locations":[{"start":{"line":235,"column":29},"end":{"line":235,"column":54}},{"start":{"line":235,"column":58},"end":{"line":235,"column":null}}]},"58":{"loc":{"start":{"line":236,"column":29},"end":{"line":236,"column":null}},"type":"binary-expr","locations":[{"start":{"line":236,"column":29},"end":{"line":236,"column":54}},{"start":{"line":236,"column":58},"end":{"line":236,"column":null}}]},"59":{"loc":{"start":{"line":237,"column":35},"end":{"line":237,"column":null}},"type":"binary-expr","locations":[{"start":{"line":237,"column":35},"end":{"line":237,"column":66}},{"start":{"line":237,"column":70},"end":{"line":237,"column":null}}]},"60":{"loc":{"start":{"line":244,"column":4},"end":{"line":263,"column":null}},"type":"if","locations":[{"start":{"line":244,"column":4},"end":{"line":263,"column":null}}]},"61":{"loc":{"start":{"line":244,"column":8},"end":{"line":244,"column":45}},"type":"binary-expr","locations":[{"start":{"line":244,"column":8},"end":{"line":244,"column":20}},{"start":{"line":244,"column":20},"end":{"line":244,"column":45}}]},"62":{"loc":{"start":{"line":250,"column":8},"end":{"line":261,"column":null}},"type":"if","locations":[{"start":{"line":250,"column":8},"end":{"line":261,"column":null}}]},"63":{"loc":{"start":{"line":250,"column":12},"end":{"line":250,"column":51}},"type":"binary-expr","locations":[{"start":{"line":250,"column":12},"end":{"line":250,"column":29}},{"start":{"line":250,"column":33},"end":{"line":250,"column":51}}]},"64":{"loc":{"start":{"line":257,"column":25},"end":{"line":257,"column":null}},"type":"binary-expr","locations":[{"start":{"line":257,"column":25},"end":{"line":257,"column":42}},{"start":{"line":257,"column":46},"end":{"line":257,"column":null}}]},"65":{"loc":{"start":{"line":258,"column":27},"end":{"line":258,"column":null}},"type":"binary-expr","locations":[{"start":{"line":258,"column":27},"end":{"line":258,"column":46}},{"start":{"line":258,"column":50},"end":{"line":258,"column":null}}]},"66":{"loc":{"start":{"line":282,"column":19},"end":{"line":282,"column":null}},"type":"binary-expr","locations":[{"start":{"line":282,"column":19},"end":{"line":282,"column":36}},{"start":{"line":282,"column":40},"end":{"line":282,"column":null}}]},"67":{"loc":{"start":{"line":283,"column":18},"end":{"line":283,"column":37}},"type":"binary-expr","locations":[{"start":{"line":283,"column":18},"end":{"line":283,"column":35}},{"start":{"line":283,"column":35},"end":{"line":283,"column":37}}]},"68":{"loc":{"start":{"line":289,"column":31},"end":{"line":289,"column":88}},"type":"cond-expr","locations":[{"start":{"line":289,"column":56},"end":{"line":289,"column":69}},{"start":{"line":289,"column":72},"end":{"line":289,"column":88}}]},"69":{"loc":{"start":{"line":300,"column":4},"end":{"line":305,"column":null}},"type":"if","locations":[{"start":{"line":300,"column":4},"end":{"line":305,"column":null}}]},"70":{"loc":{"start":{"line":317,"column":31},"end":{"line":317,"column":88}},"type":"cond-expr","locations":[{"start":{"line":317,"column":56},"end":{"line":317,"column":69}},{"start":{"line":317,"column":72},"end":{"line":317,"column":88}}]}},"s":{"0":0,"1":0,"2":0,"3":0,"4":0,"5":0,"6":0,"7":0,"8":0,"9":0,"10":0,"11":0,"12":0,"13":0,"14":0,"15":0,"16":0,"17":0,"18":0,"19":0,"20":0,"21":0,"22":0,"23":0,"24":0,"25":0,"26":0,"27":0,"28":0,"29":0,"30":0,"31":0,"32":0,"33":0,"34":0,"35":0,"36":0,"37":0,"38":0,"39":0,"40":0,"41":0,"42":0,"43":0,"44":0,"45":0,"46":0,"47":0,"48":0,"49":0,"50":0,"51":0,"52":0,"53":0,"54":0,"55":0,"56":0,"57":0,"58":0,"59":0,"60":0,"61":0,"62":0,"63":0,"64":0,"65":0,"66":0,"67":0,"68":0,"69":0,"70":0,"71":0,"72":0,"73":0,"74":0,"75":0,"76":0,"77":0,"78":0,"79":0,"80":0,"81":0,"82":0,"83":0,"84":0,"85":0,"86":0,"87":0,"88":0},"f":{"0":0,"1":0,"2":0,"3":0,"4":0},"b":{"0":[0,0],"1":[0,0],"2":[0],"3":[0],"4":[0],"5":[0],"6":[0,0],"7":[0,0],"8":[0,0],"9":[0,0],"10":[0,0],"11":[0],"12":[0,0],"13":[0,0],"14":[0,0],"15":[0,0],"16":[0],"17":[0,0],"18":[0,0],"19":[0,0],"20":[0,0],"21":[0,0],"22":[0,0],"23":[0,0],"24":[0,0],"25":[0,0],"26":[0],"27":[0,0,0],"28":[0],"29":[0,0],"30":[0,0],"31":[0,0],"32":[0,0],"33":[0,0],"34":[0,0],"35":[0],"36":[0],"37":[0],"38":[0],"39":[0],"40":[0],"41":[0],"42":[0,0],"43":[0,0],"44":[0,0],"45":[0,0],"46":[0,0],"47":[0,0],"48":[0,0],"49":[0,0],"50":[0,0],"51":[0,0],"52":[0,0],"53":[0,0],"54":[0,0],"55":[0,0],"56":[0,0],"57":[0,0],"58":[0,0],"59":[0,0],"60":[0],"61":[0,0],"62":[0],"63":[0,0],"64":[0,0],"65":[0,0],"66":[0,0],"67":[0,0],"68":[0,0],"69":[0],"70":[0,0]}}
}
