TN:
SF:src\app\layout.tsx
FN:9,RootLayout
FNF:1
FNH:0
FNDA:0,RootLayout
DA:2,0
DA:4,0
DA:9,0
LF:3
LH:0
BRF:0
BRH:0
end_of_record
TN:
SF:src\app\page.tsx
FN:3,Page
FNF:1
FNH:0
FNDA:0,Page
DA:1,0
DA:3,0
DA:4,0
LF:3
LH:0
BRF:0
BRH:0
end_of_record
TN:
SF:src\app\admin\crops\page.tsx
FN:49,AdminCropsPage
FN:85,(anonymous_2)
FN:103,(anonymous_3)
FN:108,(anonymous_4)
FN:114,(anonymous_5)
FN:145,(anonymous_6)
FN:146,(anonymous_7)
FN:152,(anonymous_8)
FN:154,(anonymous_9)
FN:157,(anonymous_10)
FN:188,(anonymous_11)
FN:219,(anonymous_12)
FN:245,(anonymous_13)
FN:264,(anonymous_14)
FN:281,(anonymous_15)
FN:282,(anonymous_16)
FN:285,(anonymous_17)
FN:327,(anonymous_18)
FN:337,(anonymous_19)
FN:340,(anonymous_20)
FN:382,(anonymous_21)
FN:393,(anonymous_22)
FN:396,(anonymous_23)
FN:421,(anonymous_24)
FN:433,(anonymous_25)
FN:445,(anonymous_26)
FN:457,(anonymous_27)
FN:468,(anonymous_28)
FN:495,(anonymous_29)
FN:509,(anonymous_30)
FN:534,(anonymous_31)
FN:549,(anonymous_32)
FN:563,(anonymous_33)
FN:579,(anonymous_34)
FN:595,(anonymous_35)
FN:606,(anonymous_36)
FN:652,(anonymous_37)
FN:660,(anonymous_38)
FN:686,(anonymous_39)
FN:696,(anonymous_40)
FN:707,(anonymous_41)
FN:733,(anonymous_42)
FN:756,(anonymous_43)
FN:781,(anonymous_44)
FNF:44
FNH:0
FNDA:0,AdminCropsPage
FNDA:0,(anonymous_2)
FNDA:0,(anonymous_3)
FNDA:0,(anonymous_4)
FNDA:0,(anonymous_5)
FNDA:0,(anonymous_6)
FNDA:0,(anonymous_7)
FNDA:0,(anonymous_8)
FNDA:0,(anonymous_9)
FNDA:0,(anonymous_10)
FNDA:0,(anonymous_11)
FNDA:0,(anonymous_12)
FNDA:0,(anonymous_13)
FNDA:0,(anonymous_14)
FNDA:0,(anonymous_15)
FNDA:0,(anonymous_16)
FNDA:0,(anonymous_17)
FNDA:0,(anonymous_18)
FNDA:0,(anonymous_19)
FNDA:0,(anonymous_20)
FNDA:0,(anonymous_21)
FNDA:0,(anonymous_22)
FNDA:0,(anonymous_23)
FNDA:0,(anonymous_24)
FNDA:0,(anonymous_25)
FNDA:0,(anonymous_26)
FNDA:0,(anonymous_27)
FNDA:0,(anonymous_28)
FNDA:0,(anonymous_29)
FNDA:0,(anonymous_30)
FNDA:0,(anonymous_31)
FNDA:0,(anonymous_32)
FNDA:0,(anonymous_33)
FNDA:0,(anonymous_34)
FNDA:0,(anonymous_35)
FNDA:0,(anonymous_36)
FNDA:0,(anonymous_37)
FNDA:0,(anonymous_38)
FNDA:0,(anonymous_39)
FNDA:0,(anonymous_40)
FNDA:0,(anonymous_41)
FNDA:0,(anonymous_42)
FNDA:0,(anonymous_43)
FNDA:0,(anonymous_44)
DA:3,0
DA:47,0
DA:49,0
DA:50,0
DA:51,0
DA:52,0
DA:53,0
DA:54,0
DA:55,0
DA:56,0
DA:57,0
DA:58,0
DA:59,0
DA:62,0
DA:70,0
DA:81,0
DA:82,0
DA:85,0
DA:86,0
DA:87,0
DA:88,0
DA:89,0
DA:90,0
DA:91,0
DA:93,0
DA:96,0
DA:97,0
DA:99,0
DA:103,0
DA:104,0
DA:108,0
DA:109,0
DA:110,0
DA:114,0
DA:115,0
DA:116,0
DA:117,0
DA:118,0
DA:119,0
DA:120,0
DA:127,0
DA:137,0
DA:140,0
DA:141,0
DA:145,0
DA:146,0
DA:147,0
DA:152,0
DA:153,0
DA:154,0
DA:157,0
DA:158,0
DA:159,0
DA:160,0
DA:163,0
DA:164,0
DA:165,0
DA:168,0
DA:169,0
DA:170,0
DA:173,0
DA:174,0
DA:175,0
DA:178,0
DA:179,0
DA:180,0
DA:188,0
DA:191,0
DA:192,0
DA:193,0
DA:199,0
DA:200,0
DA:201,0
DA:202,0
DA:203,0
DA:204,0
DA:205,0
DA:207,0
DA:209,0
DA:212,0
DA:213,0
DA:215,0
DA:219,0
DA:220,0
DA:221,0
DA:222,0
DA:223,0
DA:228,0
DA:229,0
DA:230,0
DA:231,0
DA:232,0
DA:233,0
DA:235,0
DA:238,0
DA:239,0
DA:241,0
DA:245,0
DA:246,0
DA:247,0
DA:248,0
DA:249,0
DA:250,0
DA:251,0
DA:261,0
DA:264,0
DA:265,0
DA:266,0
DA:267,0
DA:269,0
DA:278,0
DA:281,0
DA:282,0
DA:285,0
DA:286,0
DA:287,0
DA:288,0
DA:290,0
DA:291,0
DA:293,0
DA:296,0
DA:327,0
DA:338,0
DA:341,0
DA:342,0
DA:343,0
DA:382,0
DA:394,0
DA:396,0
DA:421,0
DA:433,0
DA:445,0
DA:457,0
DA:468,0
DA:495,0
DA:509,0
DA:534,0
DA:549,0
DA:563,0
DA:579,0
DA:595,0
DA:606,0
DA:653,0
DA:660,0
DA:686,0
DA:696,0
DA:707,0
DA:734,0
DA:735,0
DA:736,0
DA:737,0
DA:739,0
DA:756,0
DA:781,0
LF:154
LH:0
BRDA:90,0,0,0
BRDA:90,0,1,0
BRDA:91,1,0,0
BRDA:91,1,1,0
BRDA:109,2,0,0
BRDA:109,3,0,0
BRDA:109,3,1,0
BRDA:118,4,0,0
BRDA:118,5,0,0
BRDA:118,5,1,0
BRDA:121,6,0,0
BRDA:121,6,1,0
BRDA:122,7,0,0
BRDA:122,7,1,0
BRDA:123,8,0,0
BRDA:123,8,1,0
BRDA:124,9,0,0
BRDA:124,9,1,0
BRDA:125,10,0,0
BRDA:125,10,1,0
BRDA:127,11,0,0
BRDA:127,11,1,0
BRDA:137,12,0,0
BRDA:137,12,1,0
BRDA:147,13,0,0
BRDA:147,13,1,0
BRDA:147,13,2,0
BRDA:152,14,0,0
BRDA:158,15,0,0
BRDA:158,16,0,0
BRDA:158,16,1,0
BRDA:163,17,0,0
BRDA:168,18,0,0
BRDA:168,19,0,0
BRDA:168,19,1,0
BRDA:173,20,0,0
BRDA:173,21,0,0
BRDA:173,21,1,0
BRDA:181,22,0,0
BRDA:181,22,1,0
BRDA:184,23,0,0
BRDA:184,23,1,0
BRDA:185,24,0,0
BRDA:185,24,1,0
BRDA:188,25,0,0
BRDA:188,25,1,0
BRDA:191,26,0,0
BRDA:191,26,1,0
BRDA:192,27,0,0
BRDA:192,27,1,0
BRDA:200,28,0,0
BRDA:200,28,1,0
BRDA:201,29,0,0
BRDA:201,29,1,0
BRDA:204,30,0,0
BRDA:209,31,0,0
BRDA:209,31,1,0
BRDA:220,32,0,0
BRDA:229,33,0,0
BRDA:229,33,1,0
BRDA:265,34,0,0
BRDA:265,35,0,0
BRDA:265,35,1,0
BRDA:274,36,0,0
BRDA:274,36,1,0
BRDA:287,37,0,0
BRDA:287,38,0,0
BRDA:287,38,1,0
BRDA:290,39,0,0
BRDA:296,40,0,0
BRDA:334,41,0,0
BRDA:334,41,1,0
BRDA:346,42,0,0
BRDA:346,42,1,0
BRDA:358,43,0,0
BRDA:358,43,1,0
BRDA:374,44,0,0
BRDA:373,45,0,0
BRDA:373,45,1,0
BRDA:378,46,0,0
BRDA:378,46,1,0
BRDA:380,47,0,0
BRDA:397,48,0,0
BRDA:397,48,1,0
BRDA:399,49,0,0
BRDA:399,49,1,0
BRDA:402,50,0,0
BRDA:402,50,1,0
BRDA:402,51,0,0
BRDA:402,51,1,0
BRDA:404,52,0,0
BRDA:404,52,1,0
BRDA:405,53,0,0
BRDA:405,53,1,0
BRDA:406,54,0,0
BRDA:406,54,1,0
BRDA:414,55,0,0
BRDA:480,56,0,0
BRDA:502,57,0,0
BRDA:502,57,1,0
BRDA:508,58,0,0
BRDA:508,58,1,0
BRDA:509,59,0,0
BRDA:509,59,1,0
BRDA:514,60,0,0
BRDA:514,60,1,0
BRDA:556,61,0,0
BRDA:556,61,1,0
BRDA:562,62,0,0
BRDA:562,62,1,0
BRDA:563,63,0,0
BRDA:563,63,1,0
BRDA:568,64,0,0
BRDA:568,64,1,0
BRDA:594,65,0,0
BRDA:594,65,1,0
BRDA:595,66,0,0
BRDA:595,66,1,0
BRDA:601,67,0,0
BRDA:601,67,1,0
BRDA:613,68,0,0
BRDA:616,69,0,0
BRDA:616,69,1,0
BRDA:635,70,0,0
BRDA:638,71,0,0
BRDA:648,72,0,0
BRDA:656,73,0,0
BRDA:656,73,1,0
BRDA:657,74,0,0
BRDA:676,75,0,0
BRDA:721,76,0,0
BRDA:721,76,1,0
BRDA:731,77,0,0
BRDA:730,78,0,0
BRDA:730,78,1,0
BRDA:735,79,0,0
BRDA:735,79,1,0
BRDA:751,80,0,0
BRDA:751,80,1,0
BRDA:772,81,0,0
BRDA:791,82,0,0
BRDA:791,82,1,0
BRDA:799,83,0,0
BRDA:801,84,0,0
BRDA:801,84,1,0
BRF:145
BRH:0
end_of_record
TN:
SF:src\app\api\crops\route.ts
FN:6,fetchFromSupabase
FN:27,GET
FN:85,POST
FN:180,PUT
FN:295,DELETE
FNF:5
FNH:0
FNDA:0,fetchFromSupabase
FNDA:0,GET
FNDA:0,POST
FNDA:0,PUT
FNDA:0,DELETE
DA:1,0
DA:3,0
DA:4,0
DA:7,0
DA:8,0
DA:19,0
DA:20,0
DA:21,0
DA:24,0
DA:27,0
DA:28,0
DA:29,0
DA:30,0
DA:32,0
DA:34,0
DA:38,0
DA:39,0
DA:45,0
DA:48,0
DA:53,0
DA:57,0
DA:68,0
DA:72,0
DA:77,0
DA:78,0
DA:85,0
DA:86,0
DA:87,0
DA:88,0
DA:90,0
DA:91,0
DA:98,0
DA:109,0
DA:112,0
DA:113,0
DA:130,0
DA:131,0
DA:132,0
DA:133,0
DA:148,0
DA:152,0
DA:156,0
DA:160,0
DA:172,0
DA:173,0
DA:180,0
DA:181,0
DA:182,0
DA:183,0
DA:185,0
DA:186,0
DA:193,0
DA:194,0
DA:195,0
DA:196,0
DA:197,0
DA:198,0
DA:200,0
DA:206,0
DA:207,0
DA:211,0
DA:212,0
DA:226,0
DA:244,0
DA:245,0
DA:249,0
DA:250,0
DA:251,0
DA:266,0
DA:270,0
DA:274,0
DA:278,0
DA:287,0
DA:288,0
DA:295,0
DA:296,0
DA:297,0
DA:298,0
DA:300,0
DA:301,0
DA:308,0
DA:313,0
DA:315,0
DA:316,0
LF:84
LH:0
BRDA:3,0,0,0
BRDA:3,0,1,0
BRDA:4,1,0,0
BRDA:4,1,1,0
BRDA:6,2,0,0
BRDA:19,3,0,0
BRDA:32,4,0,0
BRDA:38,5,0,0
BRDA:38,6,0,0
BRDA:38,6,1,0
BRDA:61,7,0,0
BRDA:61,7,1,0
BRDA:62,8,0,0
BRDA:62,8,1,0
BRDA:74,9,0,0
BRDA:74,9,1,0
BRDA:79,10,0,0
BRDA:79,10,1,0
BRDA:90,11,0,0
BRDA:90,12,0,0
BRDA:90,12,1,0
BRDA:103,13,0,0
BRDA:103,13,1,0
BRDA:104,14,0,0
BRDA:104,14,1,0
BRDA:105,15,0,0
BRDA:105,15,1,0
BRDA:112,16,0,0
BRDA:112,17,0,0
BRDA:112,17,1,0
BRDA:117,18,0,0
BRDA:117,18,1,0
BRDA:118,19,0,0
BRDA:118,19,1,0
BRDA:119,20,0,0
BRDA:119,20,1,0
BRDA:120,21,0,0
BRDA:120,21,1,0
BRDA:121,22,0,0
BRDA:121,22,1,0
BRDA:122,23,0,0
BRDA:122,23,1,0
BRDA:123,24,0,0
BRDA:123,24,1,0
BRDA:124,25,0,0
BRDA:124,25,1,0
BRDA:130,26,0,0
BRDA:130,27,0,0
BRDA:130,27,1,0
BRDA:130,27,2,0
BRDA:132,28,0,0
BRDA:132,29,0,0
BRDA:132,29,1,0
BRDA:139,30,0,0
BRDA:139,30,1,0
BRDA:140,31,0,0
BRDA:140,31,1,0
BRDA:165,32,0,0
BRDA:165,32,1,0
BRDA:166,33,0,0
BRDA:166,33,1,0
BRDA:174,34,0,0
BRDA:174,34,1,0
BRDA:185,35,0,0
BRDA:194,36,0,0
BRDA:195,37,0,0
BRDA:196,38,0,0
BRDA:197,39,0,0
BRDA:198,40,0,0
BRDA:206,41,0,0
BRDA:211,42,0,0
BRDA:211,42,1,0
BRDA:211,43,0,0
BRDA:211,43,1,0
BRDA:215,44,0,0
BRDA:215,44,1,0
BRDA:216,45,0,0
BRDA:216,45,1,0
BRDA:217,46,0,0
BRDA:217,46,1,0
BRDA:218,47,0,0
BRDA:218,47,1,0
BRDA:219,48,0,0
BRDA:219,48,1,0
BRDA:220,49,0,0
BRDA:220,49,1,0
BRDA:221,50,0,0
BRDA:221,50,1,0
BRDA:222,51,0,0
BRDA:222,51,1,0
BRDA:230,52,0,0
BRDA:230,52,1,0
BRDA:231,53,0,0
BRDA:231,53,1,0
BRDA:232,54,0,0
BRDA:232,54,1,0
BRDA:233,55,0,0
BRDA:233,55,1,0
BRDA:234,56,0,0
BRDA:234,56,1,0
BRDA:235,57,0,0
BRDA:235,57,1,0
BRDA:236,58,0,0
BRDA:236,58,1,0
BRDA:237,59,0,0
BRDA:237,59,1,0
BRDA:244,60,0,0
BRDA:244,61,0,0
BRDA:244,61,1,0
BRDA:250,62,0,0
BRDA:250,63,0,0
BRDA:250,63,1,0
BRDA:257,64,0,0
BRDA:257,64,1,0
BRDA:258,65,0,0
BRDA:258,65,1,0
BRDA:282,66,0,0
BRDA:282,66,1,0
BRDA:283,67,0,0
BRDA:283,67,1,0
BRDA:289,68,0,0
BRDA:289,68,1,0
BRDA:300,69,0,0
BRDA:317,70,0,0
BRDA:317,70,1,0
BRF:125
BRH:0
end_of_record
